This is TeX, Version 3.1415926 (TeX Live 2013/Debian) (format=tex 2014.10.25)  18 JUN 2015 15:13
**plain-tex-slides.tex
(./plain-tex-slides.tex
(/usr/share/texlive/texmf-dist/tex/generic/epsf/epsf.tex
This is `epsf.tex' v2.7.4 <14 February 2011>
\epsffilein=\read0
\epsfframemargin=\dimen16
\epsfframethickness=\dimen17
\epsfrsize=\dimen18
\epsftmp=\dimen19
\epsftsize=\dimen20
\epsfxsize=\dimen21
\epsfysize=\dimen22
\pspoints=\dimen23
)
\myread=\read1
\cntSlide=\count26
\mywrite=\write0

(cl.eps
)
[1] [2]
\openout0 = `plain-tex-slides-aux.tex'.

 [3] )
Output written on plain-tex-slides.dvi (3 pages, 2440 bytes).
